INFO:	2024/04/10 17:19:31 product_controller.go:45: Start create new product: 61b04903-20a2-404c-941e-9dd6f7518b21
INFO:	2024/04/10 17:19:31 product_controller.go:55: Success on create new product
INFO:	2024/04/10 17:27:34 product_controller.go:45: Start create new product: ff604f93-ae72-4b80-bcab-5d147bc7276b
INFO:	2024/04/10 17:27:34 product_controller.go:55: Success on create new product
INFO:	2024/04/10 17:32:16 product_controller.go:45: Start create new product: 0d18f5f0-56fd-45de-9f72-64a384963512
INFO:	2024/04/10 17:32:16 product_controller.go:55: Success on create new product
INFO:	2024/04/10 17:38:42 product_controller.go:45: Start create new product: 4b491740-af4f-40a5-a664-1c4ab4320820
INFO:	2024/04/10 17:38:42 product_controller.go:55: Success on create new product
INFO:	2024/04/10 17:48:01 product_controller.go:45: Start create new product: f274e600-ee3d-4c56-b8c0-a41c26651549
INFO:	2024/04/10 17:48:01 product_controller.go:55: Success on create new product
INFO:	2024/04/10 17:48:39 product_controller.go:45: Start create new product: 726783fd-db71-452c-af9f-5f0535ba7e20
INFO:	2024/04/10 17:48:39 product_controller.go:55: Success on create new product
INFO:	2024/04/10 17:49:57 product_controller.go:45: Start create new product: 9116c6eb-a412-4039-a4f2-e2fa679a5b36
INFO:	2024/04/10 17:49:57 product_controller.go:55: Success on create new product
INFO:	2024/04/10 17:51:23 product_controller.go:45: Start create new product: 193d69c3-74a0-4f6b-850e-a000ddee3444
INFO:	2024/04/10 17:51:23 product_controller.go:55: Success on create new product
INFO:	2024/04/10 17:53:51 product_controller.go:45: Start create new product: 8b5f1fd1-7d68-4baa-b14e-72a69457cf9e
ERROR:	2024/04/10 17:53:52 product_controller.go:49: Failure on create new product 8b5f1fd1-7d68-4baa-b14e-72a69457cf9e
INFO:	2024/04/10 17:54:18 product_controller.go:45: Start create new product: 9c80edf2-d416-4d8d-883f-027c75d97332
ERROR:	2024/04/10 17:54:18 product_controller.go:49: Failure on create new product 9c80edf2-d416-4d8d-883f-027c75d97332
INFO:	2024/04/10 17:55:25 product_controller.go:45: Start create new product: f68ad2d7-2fba-4bed-b453-ef010c858ff5
INFO:	2024/04/10 17:55:25 product_controller.go:55: Success on create new product
INFO:	2024/04/10 17:59:57 product_controller.go:45: Start create new product: 887cddd5-a3bd-40c6-9a48-f164c2afa252
INFO:	2024/04/10 17:59:57 product_controller.go:55: Success on create new product
ERROR:	2024/04/16 14:25:03 main.go:37: Failed to initialize the server
